2022-08-04T16:47:34+00:00 CRITICAL Uncaught TypeError: call_user_func_array(): Argument #1 ($callback) must be a valid callback, function "showid" not found or invalid function name in C:\xampp\htdocs\lalasia\wp-includes\class-wp-hook.php:307
Stack trace:
#0 C:\xampp\htdocs\lalasia\wp-includes\class-wp-hook.php(331): WP_Hook->apply_filters(NULL, Array)
#1 C:\xampp\htdocs\lalasia\wp-includes\plugin.php(476): WP_Hook->do_action(Array)
#2 C:\xampp\htdocs\lalasia\wp-includes\template-loader.php(13): do_action('template_redire...')
#3 C:\xampp\htdocs\lalasia\wp-blog-header.php(19): require_once('C:\\xampp\\htdocs...')
#4 C:\xampp\htdocs\lalasia\index.php(17): require('C:\\xampp\\htdocs...')
#5 {main}
  thrown in C:\xampp\htdocs\lalasia\wp-includes\class-wp-hook.php on line 307

2022-08-04T16:48:06+00:00 CRITICAL Uncaught TypeError: call_user_func_array(): Argument #1 ($callback) must be a valid callback, function "showid" not found or invalid function name in C:\xampp\htdocs\lalasia\wp-includes\class-wp-hook.php:307
Stack trace:
#0 C:\xampp\htdocs\lalasia\wp-includes\class-wp-hook.php(331): WP_Hook->apply_filters(NULL, Array)
#1 C:\xampp\htdocs\lalasia\wp-includes\plugin.php(476): WP_Hook->do_action(Array)
#2 C:\xampp\htdocs\lalasia\wp-includes\template-loader.php(13): do_action('template_redire...')
#3 C:\xampp\htdocs\lalasia\wp-blog-header.php(19): require_once('C:\\xampp\\htdocs...')
#4 C:\xampp\htdocs\lalasia\index.php(17): require('C:\\xampp\\htdocs...')
#5 {main}
  thrown in C:\xampp\htdocs\lalasia\wp-includes\class-wp-hook.php on line 307

2022-08-04T16:49:09+00:00 CRITICAL Uncaught TypeError: call_user_func_array(): Argument #1 ($callback) must be a valid callback, function "showid" not found or invalid function name in C:\xampp\htdocs\lalasia\wp-includes\class-wp-hook.php:307
Stack trace:
#0 C:\xampp\htdocs\lalasia\wp-includes\class-wp-hook.php(331): WP_Hook->apply_filters(NULL, Array)
#1 C:\xampp\htdocs\lalasia\wp-includes\plugin.php(476): WP_Hook->do_action(Array)
#2 C:\xampp\htdocs\lalasia\wp-includes\template-loader.php(13): do_action('template_redire...')
#3 C:\xampp\htdocs\lalasia\wp-blog-header.php(19): require_once('C:\\xampp\\htdocs...')
#4 C:\xampp\htdocs\lalasia\index.php(17): require('C:\\xampp\\htdocs...')
#5 {main}
  thrown in C:\xampp\htdocs\lalasia\wp-includes\class-wp-hook.php on line 307

2022-08-04T16:49:16+00:00 CRITICAL Uncaught TypeError: call_user_func_array(): Argument #1 ($callback) must be a valid callback, function "showid" not found or invalid function name in C:\xampp\htdocs\lalasia\wp-includes\class-wp-hook.php:307
Stack trace:
#0 C:\xampp\htdocs\lalasia\wp-includes\class-wp-hook.php(331): WP_Hook->apply_filters(NULL, Array)
#1 C:\xampp\htdocs\lalasia\wp-includes\plugin.php(476): WP_Hook->do_action(Array)
#2 C:\xampp\htdocs\lalasia\wp-includes\template-loader.php(13): do_action('template_redire...')
#3 C:\xampp\htdocs\lalasia\wp-blog-header.php(19): require_once('C:\\xampp\\htdocs...')
#4 C:\xampp\htdocs\lalasia\index.php(17): require('C:\\xampp\\htdocs...')
#5 {main}
  thrown in C:\xampp\htdocs\lalasia\wp-includes\class-wp-hook.php on line 307

2022-08-04T16:49:52+00:00 CRITICAL Uncaught TypeError: call_user_func_array(): Argument #1 ($callback) must be a valid callback, function "showid" not found or invalid function name in C:\xampp\htdocs\lalasia\wp-includes\class-wp-hook.php:307
Stack trace:
#0 C:\xampp\htdocs\lalasia\wp-includes\class-wp-hook.php(331): WP_Hook->apply_filters(NULL, Array)
#1 C:\xampp\htdocs\lalasia\wp-includes\plugin.php(476): WP_Hook->do_action(Array)
#2 C:\xampp\htdocs\lalasia\wp-includes\template-loader.php(13): do_action('template_redire...')
#3 C:\xampp\htdocs\lalasia\wp-blog-header.php(19): require_once('C:\\xampp\\htdocs...')
#4 C:\xampp\htdocs\lalasia\index.php(17): require('C:\\xampp\\htdocs...')
#5 {main}
  thrown in C:\xampp\htdocs\lalasia\wp-includes\class-wp-hook.php on line 307

2022-08-04T17:54:23+00:00 CRITICAL Cannot redeclare add_shordesc() (previously declared in C:\xampp\htdocs\lalasia\wp-content\plugins\custom-get-product-details.php:11) in C:\xampp\htdocs\lalasia\wp-content\themes\lalasia\functions.php on line 14

2022-08-04T17:54:24+00:00 CRITICAL Cannot redeclare add_shordesc() (previously declared in C:\xampp\htdocs\lalasia\wp-content\plugins\custom-get-product-details.php:11) in C:\xampp\htdocs\lalasia\wp-content\themes\lalasia\functions.php on line 14

2022-08-04T17:54:24+00:00 CRITICAL Cannot redeclare add_shordesc() (previously declared in C:\xampp\htdocs\lalasia\wp-content\plugins\custom-get-product-details.php:11) in C:\xampp\htdocs\lalasia\wp-content\themes\lalasia\functions.php on line 14

2022-08-04T17:54:29+00:00 CRITICAL Cannot redeclare add_shordesc() (previously declared in C:\xampp\htdocs\lalasia\wp-content\plugins\custom-get-product-details.php:11) in C:\xampp\htdocs\lalasia\wp-content\themes\lalasia\functions.php on line 14

2022-08-04T17:54:31+00:00 CRITICAL Cannot redeclare add_shordesc() (previously declared in C:\xampp\htdocs\lalasia\wp-content\plugins\custom-get-product-details.php:11) in C:\xampp\htdocs\lalasia\wp-content\themes\lalasia\functions.php on line 14

2022-08-04T17:54:34+00:00 CRITICAL Cannot redeclare add_shordesc() (previously declared in C:\xampp\htdocs\lalasia\wp-content\plugins\custom-get-product-details.php:11) in C:\xampp\htdocs\lalasia\wp-content\themes\lalasia\functions.php on line 14

2022-08-04T17:54:39+00:00 CRITICAL Cannot redeclare add_shordesc() (previously declared in C:\xampp\htdocs\lalasia\wp-content\plugins\custom-get-product-details.php:11) in C:\xampp\htdocs\lalasia\wp-content\themes\lalasia\functions.php on line 14

